2010-09-30 34
2010-10-01 571
2010-10-02 1120
2010-10-02 1120
2010-10-02 1120
2010-10-02 1126
2010-10-02 1125
2010-10-02 9191
2010-10-02 9193
2010-10-04 9193
2010-10-04 9227
2010-10-04 9232
2010-10-04 9234
2010-10-05 9230
2010-10-05 9242
2010-10-05 9248
2010-10-05 9249
2010-10-06 9250
2010-10-06 9250
2010-10-06 9249
2010-10-06 9322
2010-10-06 9347
2010-10-06 9361
2010-10-06 9390
2010-10-06 9401
2010-10-06 9405
2010-10-06 9429
2010-10-06 9491
2010-10-06 9509
2010-10-06 9510
2010-10-06 10399
2010-10-07 10398
2010-10-07 10430
2010-10-07 10442
2010-10-07 10439
2010-10-07 10439
2010-10-07 10318
2010-10-07 9880
2010-10-07 9972
2010-10-07 17199
2010-10-12 17209
2010-10-12 17227
2010-10-12 17757
2010-10-12 17818
2010-10-12 17854
2010-10-12 17864
2010-10-12 17928
2010-10-12 17995
2010-10-12 18052
2010-10-12 18180
2010-10-12 18249
2010-10-12 18237
2010-10-12 18270
2010-10-12 18270
2010-10-12 18270
2010-10-12 18313
2010-10-12 18326
2010-10-12 18317
2010-10-12 18317
2010-10-12 18318
2010-10-12 11122
2010-10-12 11122
2010-10-12 11101
2010-10-12 11170
2010-10-12 11217
2010-10-13 11224
2010-10-13 11227
2010-10-13 11301
2010-10-13 11323
2010-10-13 11325
2010-10-13 11412
2010-10-13 11372
2010-10-13 11372
2010-10-13 11372
2010-10-13 11376
2010-10-13 11390
2010-10-13 11390
2010-10-13 11390
2010-10-13 11392
2010-10-13 11392
2010-10-13 11388
2010-10-13 11387
2010-10-13 11389
2010-10-13 11419
2010-10-13 11429
2010-10-13 11429
2010-10-13 11430
2010-10-13 11430
2010-10-13 11433
2010-10-13 11450
2010-10-13 11450
2010-10-13 11457
2010-10-14 11457
2010-10-14 11500
2010-10-14 11519
2010-10-14 11527
2010-10-14 11531
2010-10-14 11534
2010-10-14 11536
2010-10-14 11539
2010-10-14 11543
2010-10-14 11549
2010-10-14 11548
2010-10-14 12228
2010-10-14 12248
2010-10-15 12248
2010-10-15 12248
2010-10-16 12249
2010-10-17 12261
2010-10-17 12262
2010-10-17 12365
2010-10-17 12365
2010-10-18 12417
2010-10-18 12444
2010-10-18 12463
2010-10-18 12465
2010-10-19 12489
2010-10-19 12521
2010-10-19 12542
2010-10-19 12542
2010-10-19 12561
2010-10-19 12622
2010-10-21 12704
2010-10-25 12855
2010-10-25 12855
2010-10-25 13763
2010-10-25 13763
2010-10-26 13709
2010-10-26 13703
2010-10-26 13703
2010-10-26 13759
2010-10-26 13760
2010-10-26 13771
2010-10-26 13771
2010-10-27 13820
2010-10-27 13821
2010-10-27 13821
2010-11-01 13826
2010-11-01 13842
2010-11-01 13893
2010-11-01 13914
2010-11-01 13918
2010-11-01 13923
2010-11-01 13923
2010-11-02 13923
2010-11-03 13946
2010-11-03 13941
2010-11-03 13951
2010-11-04 13953
2010-11-04 13958
2010-11-06 13960
2010-11-06 13961
2010-11-06 13961
2010-11-07 13973
2010-11-07 13973
2010-11-08 14095
2010-11-08 14096
2010-11-08 14110
2010-11-08 14124
2010-11-08 14205
2010-11-08 14206
2010-11-08 14206
2010-11-08 14207
2010-11-08 14207
2010-11-08 14210
2010-11-08 14244
2010-11-09 14256
2010-11-09 14255
2010-11-09 14256
2010-11-09 14251
2010-11-09 14426
2010-11-09 14426
2010-11-09 14609
2010-11-09 14615
2010-11-09 14616
2010-11-09 14622
2010-11-11 14629
2010-11-11 14629
2010-11-11 14628
2010-11-12 14572
2010-11-12 14577
2010-11-12 14570
2010-11-14 14570
2010-11-15 14589
2010-11-15 14590
2010-11-15 14605
2010-11-16 14621
2010-11-16 14623
2010-11-18 14624
2010-11-18 14648
2010-11-22 14648
2010-11-22 14648
2010-11-22 14683
2010-11-22 14683
2010-11-22 14683
2010-11-22 14683
2010-11-22 14691
2010-11-23 14716
2010-11-23 14731
2010-11-23 14748
2010-11-27 14742
2010-11-29 14772
2010-11-29 14783
2010-11-30 14796
2010-11-30 14800
2010-12-01 14835
2010-12-01 15141
2010-12-01 15142
2010-12-01 15186
2010-12-02 15197
2010-12-02 15198
2010-12-02 15214
2010-12-03 15214
2010-12-06 15325
2010-12-08 15346
2010-12-08 15374
2010-12-08 15383
2010-12-08 15391
2010-12-08 15410
2010-12-10 15413
2010-12-10 15423
2010-12-10 15423
2010-12-10 15440
2010-12-10 15450
2010-12-13 15450
2010-12-13 15474
2010-12-13 15474
2010-12-13 15486
2010-12-16 15486
2010-12-17 15490
2010-12-17 15520
2010-12-17 15530
2010-12-17 15530
2010-12-17 15668
2010-12-17 15671
2010-12-20 15687
2010-12-20 15687
2010-12-20 15693
2010-12-20 15695
2010-12-20 15710
2010-12-21 15710
2010-12-21 15713
2010-12-22 15720
2010-12-30 17270
2010-12-30 17274
2010-12-30 17273
2011-01-03 17290
2011-01-11 17292
2011-01-11 17319
2011-01-19 17358
2011-01-22 17438
2011-01-22 17441
2011-01-31 19558
2011-02-01 17442
2011-02-05 17457
2011-02-06 17457
2011-02-06 17458
2011-02-07 17458
2011-02-07 17463
2011-02-07 17463
2011-02-07 17466
2011-02-07 17467
2011-02-07 17485
2011-02-07 19521
2011-02-07 19521
2011-02-07 19534
2011-02-07 19546
2011-02-07 19546
2011-02-07 19558
2011-02-07 19558
2011-02-07 19559
2011-02-07 19565
2011-02-28 19638
2011-03-01 19638
2011-03-20 19653
2011-03-21 19653
2011-03-21 19747
2011-03-21 19747
2011-03-22 19758
2011-03-22 19754
2011-03-22 19755
2011-04-19 19844
2011-04-26 19877
2011-04-26 19883
2011-05-26 19965
2011-05-26 20035
2011-05-26 20034
2011-05-27 19038
2011-05-27 19069
2011-05-27 19074
2011-05-27 19074
2011-05-27 19093
2011-05-27 19094
2011-05-27 19094
2011-05-27 19121
2011-05-27 19139
2011-06-14 19184
2011-06-14 19201
2011-06-16 19201
2011-06-20 19221
2011-06-20 19221
2011-06-29 19225
2011-06-29 19224
2011-06-29 19224
2011-06-29 19234
2011-06-29 19224
2011-06-29 19225
2011-06-29 19224
2011-06-29 19243
2011-07-01 19259
2011-07-01 19247
2011-07-01 19247
2011-07-01 19464
2011-07-01 19470
2011-07-01 19457
2011-07-01 19460
2011-07-01 19460
2011-07-01 19465
2011-07-01 19465
2011-07-01 19471
2011-07-01 19481
2011-07-02 19481
2011-07-02 19482
2011-07-05 19482
2011-07-05 19493
2011-07-05 19493
2011-07-05 19487
2011-07-05 19487
2011-07-05 19496
2011-07-05 19489
2011-07-19 19507
2011-07-19 19510
2011-07-22 19526
2011-07-22 19528
2011-07-25 19545
2011-07-25 19547
2011-07-26 19563
2011-07-26 19568
2011-07-27 19603
2011-07-27 19603
2011-07-27 19623
2011-07-29 19678
2011-07-29 19678
2011-07-29 19678
2011-07-29 19672
2011-07-29 19672
2011-07-29 19672
2011-08-02 19710
2011-08-02 19710
2011-08-03 19733
2011-08-03 19733
2011-08-03 19734
2011-08-04 19735
2011-08-08 19738
2011-08-09 19738
2011-08-09 19762
2011-08-10 19766
2011-08-17 19786
2011-08-18 19806
2011-08-18 19806
2011-08-18 19780
2011-08-19 21488
2011-08-27 21506
2011-08-30 21524
2011-09-02 21520
2011-09-13 21538
2011-09-13 21538
2011-09-14 21554
2011-09-14 21560
2011-09-14 21561
2011-09-16 21561
2011-09-19 21587
2011-10-04 21584
2011-10-05 21584
2011-10-29 21735
2011-10-29 21741
2011-10-29 21767
2011-10-29 21759
2011-10-29 21786
2011-10-29 21783
2011-10-29 21804
2011-10-31 21802
2011-10-31 22978
2011-10-31 22985
2011-10-31 22985
2011-10-31 22980
2011-10-31 22999
2011-11-03 22999
2011-11-04 22999
2011-11-08 22999
2011-11-08 22999
2011-11-08 22999
2011-11-09 23010
2011-11-14 23029
2011-11-14 23015
2011-11-14 23015
2011-11-18 23012
2011-11-21 23009
2011-11-21 23015
2011-11-21 23015
2011-11-23 23034
2011-11-23 23034
2011-11-23 23034
2011-11-23 23034
2011-11-23 23132
2011-11-23 23106
2011-11-23 23106
2011-11-23 23080
2011-11-23 23081
2011-11-23 23085
2011-11-23 23077
2011-11-23 23077
2011-11-24 23077
2011-11-30 23077
2011-12-05 23108
2011-12-05 23108
2011-12-05 23128
2011-12-06 23113
2011-12-06 23113
2011-12-06 23113
2011-12-16 23113
2011-12-16 23113
2011-12-19 23111
2011-12-19 23120
2011-12-20 23117
2011-12-26 23117
2011-12-26 23132
2011-12-26 23155
2011-12-26 23156
2011-12-30 23151
2011-12-30 23151
2012-01-06 23164
2012-01-06 23169
2012-01-06 23197
2012-01-06 23178
2012-01-08 23177
2012-01-11 23178
2012-01-11 23178
2012-01-11 23178
2012-01-11 23197
2012-01-11 23202
2012-01-11 23186
2012-01-11 23187
2012-01-11 23188
2012-01-11 23197
2012-01-11 23210
2012-01-11 23210
2012-01-12 23222
2012-01-12 23442
2012-01-12 23442
2012-01-12 23442
2012-01-12 23442
2012-01-12 23483
2012-01-12 23458
2012-01-12 23458
2012-01-12 23459
2012-01-12 23462
2012-01-12 23462
2012-01-13 23474
2012-01-13 23487
2012-01-13 23489
2012-01-13 23495
2012-01-13 23496
2012-01-13 23508
2012-01-13 23509
2012-01-13 23522
2012-01-13 23522
2012-01-13 23527
2012-01-13 23558
2012-01-13 23558
2012-01-13 23559
2012-01-13 23564
2012-01-13 23565
2012-01-13 23587
2012-01-13 23599
2012-01-13 23605
2012-01-14 23619
2012-01-17 23625
2012-01-17 23619
2012-01-17 23628
2012-01-17 23646
2012-01-17 23676
2012-01-17 23675
2012-01-17 23693
2012-01-17 23700
2012-01-17 23712
2012-01-17 23712
2012-01-17 23711
2012-01-17 23723
2012-01-17 23727
2012-01-17 23727
2012-01-22 23727
2012-01-22 23786
2012-01-22 23786
2012-01-22 23787
2012-01-22 23787
2012-01-22 23787
2012-01-23 23802
2012-01-23 23802
2012-01-23 23802
2012-01-23 23802
2012-01-23 23811
2012-01-23 23811
2012-01-24 23840
2012-01-25 23840
2012-01-25 23869
2012-01-25 23910
2012-01-25 23910
2012-01-25 23912
2012-01-25 23912
2012-01-30 23925
2012-01-30 23925
2012-01-30 23925
2012-01-30 23926
2012-01-30 23939
2012-01-30 23924
2012-01-30 23924
2012-01-30 23929
2012-01-30 23930
2012-01-30 23950
2012-01-30 23968
2012-01-30 23967
2012-01-30 23964
2012-01-30 23971
2012-01-30 23971
2012-01-30 23971
2012-01-30 24247
2012-01-30 24251
2012-01-30 24251
2012-01-31 24595
2012-01-31 24270
2012-01-31 24275
2012-02-02 24281
2012-02-02 24344
2012-02-02 24394
2012-02-02 24396
2012-02-02 24394
2012-02-02 24394
2012-02-02 24391
2012-02-02 24391
2012-02-02 24409
2012-02-02 24409
2012-02-02 24433
2012-02-02 24433
2012-02-02 24483
2012-02-02 24473
2012-02-02 24512
2012-02-02 24512
2012-02-02 24517
2012-02-02 24487
2012-02-02 24492
2012-02-02 24492
2012-02-03 24496
2012-02-03 24505
2012-02-03 24523
2012-02-03 24531
2012-02-03 24535
2012-02-03 24534
2012-02-06 24536
2012-02-08 24570
2012-02-08 24576
2012-02-08 24576
2012-02-13 24580
2012-02-13 24586
2012-02-14 24587
2012-02-14 24587
2012-02-14 24592
2012-02-15 24595
2012-02-15 24616
2012-02-15 24643
2012-02-16 24643
2012-02-17 24762
2012-02-17 24762
2012-02-17 24762
2012-02-18 24767
2012-02-18 24766
2012-02-25 24771
2012-02-27 24774
2012-02-27 24774
2012-02-27 24774
2012-02-27 24789
2012-02-27 24803
2012-02-27 24795
2012-02-27 24809
2012-02-27 24808
2012-02-27 24808
2012-02-27 24821
2012-03-01 24859
2012-03-07 24858
2012-03-07 24858
2012-03-07 24858
2012-03-12 24864
2012-03-12 24868
2012-03-12 24874
2012-03-12 24876
2012-03-12 24876
2012-03-14 24876
2012-03-14 24879
2012-03-14 24897
2012-03-15 24897
2012-03-16 24881
2012-03-16 24899
2012-03-19 24907
2012-03-19 24916
2012-03-19 24939
2012-03-19 24966
2012-03-19 24980
2012-03-21 24992
2012-03-21 24999
2012-03-21 25016
2012-03-21 25016
2012-03-21 24919
2012-03-21 24910
2012-03-21 24930
2012-03-21 24945
2012-03-21 25120
2012-03-21 25122
2012-03-22 25122
2012-03-22 25130
2012-03-26 25131
2012-03-26 25131
2012-03-26 25144
2012-03-29 25144
2012-03-29 25144
2012-04-02 25151
2012-04-02 25151
2012-04-02 25157
2012-04-02 25159
2012-04-02 25156
2012-04-02 25169
2012-04-02 25154
2012-04-04 25166
2012-04-04 25172
2012-04-06 25172
2012-04-06 25172
2012-04-06 25172
2012-04-06 25172
2012-04-09 25172
2012-04-09 25172
2012-04-09 25174
2012-04-09 25173
2012-04-09 25173
2012-04-09 25181
2012-04-10 25182
2012-04-10 25181
2012-04-11 25203
2012-04-16 25207
2012-04-16 25207
2012-04-17 25225
2012-04-17 25225
2012-04-18 25226
2012-04-18 25233
2012-04-23 25235
2012-04-23 25235
2012-04-23 25247
2012-04-23 25255
2012-04-23 25257
2012-04-23 25266
2012-04-23 25266
2012-04-23 25272
2012-04-24 25286
2012-04-30 25284
2012-04-30 25306
2012-04-30 25306
2012-05-02 25308
2012-05-02 25308
2012-05-02 25318
2012-05-03 25415
2012-05-04 25426
2012-05-05 25427
2012-05-05 25424
2012-05-05 25424
2012-05-07 25423
2012-05-08 25423
2012-05-10 25424
2012-05-10 25428
2012-05-14 25438
2012-05-14 25438
2012-05-14 25438
2012-05-14 25439
2012-05-15 25441
2012-05-15 25440
2012-05-15 25444
2012-05-15 25441
2012-05-16 25400
2012-05-21 25452
2012-05-23 25464
2012-05-23 25464
2012-05-24 25478
2012-05-24 25480
2012-05-25 25480
2012-05-29 25480
2012-05-30 25480
2012-05-30 25511
2012-06-03 25500
2012-06-03 25499
2012-06-03 25488
2012-06-03 25488
2012-06-03 25516
2012-06-04 25529
2012-06-04 25516
2012-06-04 25531
2012-06-04 25529
2012-06-04 25529
2012-06-04 25516
2012-06-06 25519
2012-06-06 25519
2012-06-06 25519
2012-06-08 25519
2012-06-12 25534
2012-06-12 25579
2012-06-13 25599
2012-06-13 25599
2012-06-13 25624
2012-06-15 25622
2012-06-15 25839
2012-06-16 25833
2012-06-16 25842
2012-06-16 25849
2012-06-16 25865
2012-06-18 25865
2012-06-18 25865
2012-06-18 25886
2012-06-18 25907
2012-06-18 25907
2012-06-18 25907
2012-06-19 25907
2012-06-20 25907
2012-06-21 26119
2012-06-21 26136
2012-06-21 26144
2012-06-21 26137
2012-06-22 26147
2012-06-23 26150
2012-06-25 26161
2012-06-25 26162
2012-06-25 26173
2012-06-25 26195
2012-06-25 26167
2012-07-14 26167
2012-07-16 26168
2012-07-16 26167
2012-07-16 26166
2012-07-18 26159
2012-07-18 26159
2012-07-19 26159
2012-07-25 26179
2012-07-25 26162
2012-07-26 26197
2012-07-26 26203
2012-07-26 26217
2012-07-27 26215
2012-07-27 26218
2012-07-31 26216
2012-08-01 26216
2012-08-17 26216
2012-08-17 26272
2012-08-28 26273
2012-08-28 26299
2012-09-14 26311
2012-09-14 26617
2012-09-14 26614
2012-09-17 26623
2012-09-17 26631
2012-09-17 26635
2012-09-22 26638
2012-09-22 26633
2012-09-23 26633
2012-09-25 26633
2012-09-26 26633
2012-09-26 26628
2012-09-28 26629
2012-09-28 26630
2012-09-28 26648
2012-10-01 26648
2012-10-01 26659
2012-10-01 26670
2012-10-01 26681
2012-10-02 26699
2012-10-02 26699
2012-10-02 26695
2012-10-03 26700
2012-10-03 26728
2012-10-03 26729
2012-10-03 26780
2012-10-03 26780
2012-10-05 26785
2012-10-08 26785
2012-10-09 26786
2012-10-10 26787
2012-10-10 26786
2012-10-15 26784
2012-10-15 26782
2012-10-15 26793
2012-10-16 26793
2012-10-16 26793
2012-10-17 26793
2012-10-17 26804
2012-10-17 26808
2012-10-24 26810
2012-10-24 26851
2012-10-24 26850
2012-10-25 26850
2012-10-30 26850
2012-10-30 26850
2012-10-30 26850
2012-11-01 26858
2012-11-02 26863
2012-11-02 26900
2012-11-04 26902
2012-11-05 26905
2012-11-07 26911
2012-11-07 26912
2012-11-12 26912
2012-11-14 26917
2012-11-16 26922
2012-11-16 26994
2012-11-16 26993
2012-11-16 26993
2012-11-16 27012
2012-11-16 27012
2012-11-16 27014
2012-11-16 27015
2012-11-19 27016
2012-11-19 27040
2012-11-19 27040
2012-11-19 27040
2012-11-19 27042
2012-11-19 27048
2012-11-28 27053
2012-11-28 27052
2012-11-28 27076
2012-11-28 27075
2012-11-28 27076
2012-11-28 27061
2012-11-28 27169
2012-11-28 27184
2012-11-28 27185
2012-11-28 27187
2012-11-28 27194
2012-11-28 27193
2012-11-28 27193
2012-11-28 27236
2012-11-29 27236
2012-11-29 27236
2012-11-29 27246
2012-11-30 27262
2012-12-01 27259
2012-12-03 27263
2012-12-04 27304
2012-12-04 25596
2012-12-04 25585
2012-12-06 25585
2012-12-06 25585
2012-12-06 25631
2012-12-06 25628
2012-12-07 25628
2012-12-07 25628
2012-12-07 25640
2012-12-07 25645
2012-12-07 25734
2012-12-10 25734
2012-12-10 25734
2012-12-10 25734
2012-12-10 25741
2012-12-10 25742
2012-12-10 25750
2012-12-10 25752
2012-12-10 25851
2012-12-10 25820
2012-12-10 25836
2012-12-10 25836
2012-12-10 25840
2012-12-11 25850
2012-12-11 25852
2012-12-11 25861
2012-12-11 25870
2012-12-11 25870
2012-12-11 25881
2012-12-11 25891
2012-12-11 25891
2012-12-11 25922
2012-12-12 25949
2012-12-12 25940
2012-12-12 25940
2012-12-12 25941
2012-12-12 25949
2012-12-12 25944
2012-12-12 25941
2012-12-12 25943
2012-12-12 25951
2012-12-12 25954
2012-12-12 25947
2012-12-12 25948
2012-12-12 25941
2012-12-12 25940
2012-12-12 25938
2012-12-12 25936
2012-12-12 26098
2012-12-12 26108
2012-12-12 26108
2012-12-12 26119
2012-12-12 26118
2012-12-12 26096
2012-12-12 26095
2012-12-12 26102
2012-12-12 26103
2012-12-12 26087
2012-12-12 26103
2012-12-13 26103
2012-12-13 26103
2012-12-13 26117
2012-12-13 26129
2012-12-13 26129
2012-12-13 26127
2012-12-13 26120
2012-12-13 26131
2012-12-13 26390
2012-12-13 26393
2012-12-13 26376
2012-12-13 26380
2012-12-13 26380
2012-12-13 26380
2012-12-13 26380
2012-12-13 26380
2012-12-13 26377
2012-12-13 26377
2012-12-14 26383
2012-12-14 26398
2012-12-14 26397
2012-12-14 26397
2012-12-14 26397
2012-12-14 26397
2012-12-14 26398
2012-12-14 26400
2012-12-14 26403
2012-12-14 26404
2012-12-14 26405
2012-12-14 26405
2012-12-14 26410
2012-12-14 26410
2012-12-14 26410
2012-12-17 26429
2012-12-17 26429
2012-12-17 26431
2012-12-17 26431
2012-12-17 26440
2012-12-17 26437
2012-12-17 26463
2012-12-18 26463
2012-12-18 26477
2012-12-18 26492
2012-12-18 26533
2012-12-18 26538
2012-12-18 26537
2012-12-19 26537
2012-12-19 26537
2012-12-19 26555
2012-12-19 26561
2012-12-19 26554
2012-12-19 26554
2012-12-19 26557
2012-12-19 26512
2012-12-19 26504
2012-12-19 26502
2012-12-19 26495
2012-12-19 26488
2012-12-19 26488
2012-12-20 26484
2012-12-20 26447
2012-12-20 26447
2012-12-20 26447
2012-12-20 25737
2012-12-20 25737
2012-12-21 25789
2012-12-21 25792
2012-12-21 25794
2012-12-21 25805
2012-12-21 25818
2012-12-21 25818
2012-12-21 25820
2012-12-21 25835
2012-12-21 25835
2012-12-21 25835
2012-12-21 25871
2012-12-21 25871
2012-12-21 25871
2012-12-21 25872
2012-12-21 25887
2012-12-21 25887
2012-12-21 25887
2012-12-22 26093
2012-12-23 26093
2012-12-25 26105
2012-12-26 26107
2012-12-26 26112
2012-12-26 26112
2012-12-26 26113
2012-12-26 26110
2012-12-26 26110
2012-12-26 26110
2012-12-26 26099
2012-12-26 26117
2012-12-26 26116
2012-12-27 26116
2012-12-27 26116
2012-12-27 26090
2012-12-28 26100
2012-12-28 26099
2012-12-28 26108
2012-12-28 26100
2012-12-28 26073
2012-12-28 26079
2012-12-29 26071
2012-12-30 26079
2013-01-01 26079
2013-01-01 26078
2013-01-02 26078
2013-01-02 26072
2013-01-02 26071
2013-01-04 26072
2013-01-05 26071
2013-01-05 26071
2013-01-06 26116
2013-01-06 26071
2013-01-07 26072
2013-01-07 26085
2013-01-07 26084
2013-01-07 26746
2013-01-07 26746
2013-01-08 26744
2013-01-08 26744
2013-01-10 26766
2013-01-10 26766
2013-01-10 26766
2013-01-11 26774
2013-01-11 26772
2013-01-11 26777
2013-01-11 26787
2013-01-11 26797
2013-01-11 26797
2013-01-11 26797
2013-01-12 26796
2013-01-12 26797
2013-01-13 26797
2013-01-14 26812
2013-01-14 26812
2013-01-15 26819
2013-01-15 26820
2013-01-15 26835
2013-01-15 26835
2013-01-15 26837
2013-01-15 26825
2013-01-15 26825
2013-01-15 26823
2013-01-15 26823
2013-01-15 26823
2013-01-15 26813
2013-01-15 26812
2013-01-16 26812
2013-01-16 26812
2013-01-16 26812
2013-01-17 26812
2013-01-21 26803
2013-01-21 26815
2013-01-22 26815
2013-01-22 26815
2013-01-22 26815
2013-01-23 26817
2013-01-23 26814
2013-01-24 26816
2013-01-24 26816
2013-01-25 26852
2013-01-25 26852
2013-03-08 26853
2013-03-08 27084
2013-03-11 30045
2013-03-11 30071
2013-03-11 30070
2013-03-12 30070
2013-03-12 30072
2013-03-13 30068
2013-03-15 30066
2013-03-16 30066
2013-03-17 30067
2013-03-18 30067
2013-03-18 30091
2013-03-18 30095
2013-03-18 30099
2013-03-19 30117
2013-03-19 30114
2013-03-19 30097
2013-03-19 30098
2013-03-19 30098
2013-03-19 30107
2013-03-19 30106
2013-03-19 30124
2013-03-19 30132
2013-03-19 30138
2013-03-19 30150
2013-03-19 30167
2013-03-19 30167
2013-03-19 30223
2013-03-19 30219
2013-03-19 30236
2013-03-19 30234
2013-03-19 30234
2013-03-19 28850
2013-03-19 28834
2013-03-19 28784
2013-03-19 28800
2013-03-19 28837
2013-03-19 28822
2013-03-19 28825
2013-03-19 28819
2013-03-19 28835
2013-03-19 28844
2013-03-19 28853
2013-03-19 28855
2013-03-19 28855
2013-03-19 28872
2013-03-19 28887
2013-03-19 28971
2013-03-19 28973
2013-03-19 28980
2013-03-20 29007
2013-03-20 31298
2013-03-20 31298
2013-03-20 31303
2013-03-20 31303
2013-03-20 31303
2013-03-20 31301
2013-03-20 31301
2013-03-20 31306
2013-03-20 31306
2013-03-20 31305
2013-03-20 31305
2013-03-20 31305
2013-03-20 31305
2013-03-20 31305
2013-03-22 31305
2013-03-23 31303
2013-03-25 31303
2013-03-25 31286
2013-03-26 31286
2013-03-26 31286
2013-03-26 31287
2013-03-28 31294
2013-03-28 31294
2013-03-29 31294
2013-03-29 31301
2013-03-29 31313
2013-03-30 31313
2013-04-01 31312
2013-04-03 31312
2013-04-03 31316
2013-04-03 31339
2013-04-04 31343
2013-04-08 31334
2013-04-09 31311
2013-04-12 31311
2013-04-18 31313
2013-04-20 31319
2013-04-21 31322
2013-04-21 31328
2013-04-22 31313
2013-04-25 31314
2013-04-26 31314
2013-05-01 31331
2013-06-24 31331
2013-06-24 31413
2013-06-26 31427
2013-06-26 31426
2013-07-02 31426
2013-07-03 31426
2013-07-03 31471
2013-07-04 31471
2013-07-05 31471
2013-07-06 31506
2013-07-07 31506
2013-07-07 31509
2013-07-12 31510
2013-07-14 31510
2013-07-18 31510
2013-07-28 31517
2013-07-30 31522
2013-07-30 31522
2013-08-01 31523
2013-08-01 31523
2013-08-06 31523
2013-08-06 31523
2013-08-07 31521
2013-08-21 31521
2013-08-25 31521
2013-09-07 31522
2013-09-09 31501
2013-09-11 31501
2013-09-11 31501
2013-09-11 31515
2013-09-11 31531
2013-09-11 31532
2013-09-11 31534
2013-09-11 31511
2013-09-11 31511
2013-09-11 31511
2013-09-11 31512
2013-09-11 31513
2013-09-11 31524
2013-09-11 31527
2013-09-11 31525
2013-09-11 31607
2013-09-16 31608
2013-09-19 31622
2013-09-19 31622
2013-09-19 31626
2013-09-22 31630
2013-09-23 31658
2013-10-10 31655
2013-10-10 31655
2013-10-10 31672
2013-10-10 31682
2013-10-10 31693
2013-10-10 31727
2013-10-10 31725
2013-10-10 31496
2013-10-10 31496
2013-10-10 31491
2013-10-10 31493
2013-10-11 31493
2013-10-15 31492
2013-10-15 31492
2013-10-17 31496
2013-10-17 31506
2013-12-31 31509
2014-01-07 31510
2014-01-16 31510
2014-01-16 31510
2014-02-13 34262
2014-02-14 34261
2014-02-15 34312
2014-02-16 34312
2014-02-20 34327
2014-02-20 34327
2014-02-20 34342
2014-02-20 34343
2014-02-22 34360
2014-02-22 34374
2014-02-24 34377
2014-02-25 34382
2014-02-26 34381
2014-02-26 34380
2014-02-26 34399
2014-02-27 34417
2014-02-28 34420
2014-02-28 34420
2014-03-03 34434
2014-03-03 34461
2014-03-03 34461
2014-03-03 34459
2014-03-04 34464
2014-03-04 34476
2014-03-05 34528
2014-03-05 34533
2014-04-23 34541
2014-04-23 34725
2014-04-23 34639
2014-05-05 34634
2014-05-27 34639
2014-06-02 34639
2014-06-02 34626
2014-06-02 34626
2014-06-02 34626
2014-06-04 34625
2014-06-04 34636
2014-06-11 34636
2014-06-16 34642
2014-06-17 34642
2014-06-25 34642
2014-06-27 34711
2014-07-06 34711
2014-07-06 34711
2014-07-08 34711
2014-07-14 34711
2014-07-22 34711
2014-07-24 34712
2014-07-24 34717
2014-08-04 34725
2014-08-04 34726
2014-08-06 34726
2014-08-06 34726
2014-08-18 34733
2014-09-11 34735
2014-09-11 34753
2014-09-23 34753
2014-09-25 34755
2014-09-25 34755
2014-10-03 34755
2014-10-03 34756
2014-10-09 34766
2014-10-20 34766
2014-10-21 34766
2014-10-22 34766
2014-10-23 34786
2014-10-29 34786
2014-10-30 34786
2014-11-03 34860
2014-11-03 34859
2014-11-12 34859
2014-11-12 34859
2014-11-12 34856
2014-11-12 34856
2014-11-12 34856
2014-11-13 34884
2014-11-13 34885
2014-11-13 34891
2014-11-14 34899
2014-11-30 34913
2014-12-01 34909
2014-12-08 34909
2014-12-11 34911
2014-12-11 34909
2015-02-03 35314
2015-02-03 35443
2015-02-03 35527
2015-02-04 35536
2015-02-05 35537
2015-02-08 35537
2015-02-09 35535
2015-02-09 35536
2015-02-10 36235
2015-02-12 36264
